[debug] [2025-04-13T15:20:09.521Z] ----------------------------------------------------------------------
[debug] [2025-04-13T15:20:09.524Z] Command:       C:\Program Files\nodejs\node.exe C:\Users\basap\AppData\Roaming\npm\node_modules\firebase-tools\lib\bin\firebase.js init
[debug] [2025-04-13T15:20:09.524Z] CLI Version:   14.1.0
[debug] [2025-04-13T15:20:09.524Z] Platform:      win32
[debug] [2025-04-13T15:20:09.524Z] Node Version:  v22.14.0
[debug] [2025-04-13T15:20:09.525Z] Time:          Sun Apr 13 2025 20:50:09 GMT+0530 (India Standard Time)
[debug] [2025-04-13T15:20:09.525Z] ----------------------------------------------------------------------
[debug] 
[debug] [2025-04-13T15:20:09.529Z] > command requires scopes: ["email","openid","https://www.googleapis.com/auth/cloudplatformprojects.readonly","https://www.googleapis.com/auth/firebase","https://www.googleapis.com/auth/cloud-platform"]
[debug] [2025-04-13T15:20:09.530Z] > authorizing via signed-in user (basapuramthanu@gmail.com)
[info] 
     ######## #### ########  ######## ########     ###     ######  ########
     ##        ##  ##     ## ##       ##     ##  ##   ##  ##       ##
     ######    ##  ########  ######   ########  #########  ######  ######
     ##        ##  ##    ##  ##       ##     ## ##     ##       ## ##
     ##       #### ##     ## ######## ########  ##     ##  ######  ########

You're about to initialize a Firebase project in this directory:

  C:\Users\basap\OneDrive\Desktop\firebase-login-app

[info] 
=== Project Setup
[info] 
[info] First, let's associate this project directory with a Firebase project.
[info] You can create multiple project aliases by running firebase use --add, 
[info] but for now we'll just set up a default project.
[info] 
[info] i  If you want to create a project in a Google Cloud organization or folder, please use "firebase projects:create" instead, and return to this command when you've created the project. 
[debug] [2025-04-13T15:21:02.331Z] Checked if tokens are valid: true, expires at: 1744559360833
[debug] [2025-04-13T15:21:02.332Z] Checked if tokens are valid: true, expires at: 1744559360833
[debug] [2025-04-13T15:21:02.336Z] >>> [apiv2][query] POST https://cloudresourcemanager.googleapis.com/v1/projects [none]
[debug] [2025-04-13T15:21:02.336Z] >>> [apiv2][body] POST https://cloudresourcemanager.googleapis.com/v1/projects {"projectId":"fir-authapp-9137f","name":"firebaseapp"}
[debug] [2025-04-13T15:21:04.054Z] <<< [apiv2][status] POST https://cloudresourcemanager.googleapis.com/v1/projects 409
[debug] [2025-04-13T15:21:04.054Z] <<< [apiv2][body] POST https://cloudresourcemanager.googleapis.com/v1/projects {"error":{"code":409,"message":"Requested entity already exists","status":"ALREADY_EXISTS"}}
[debug] [2025-04-13T15:21:04.339Z] FirebaseError: Request to https://cloudresourcemanager.googleapis.com/v1/projects had HTTP Error: 409, Requested entity already exists
    at responseToError (C:\Users\basap\AppData\Roaming\npm\node_modules\firebase-tools\lib\responseToError.js:52:12)
    at RetryOperation._fn (C:\Users\basap\AppData\Roaming\npm\node_modules\firebase-tools\lib\apiv2.js:312:77)
    at process.processTicksAndRejections (node:internal/process/task_queues:105:5)
[error] 
[error] Error: Failed to create project because there is already a project with ID fir-authapp-9137f. Please try again with a unique project ID.
